-------------------------------------------------------------------------------
Test set: com.heyTask.taskmaster.EventboxApplicationTests
-------------------------------------------------------------------------------
Tests run: 1, Failures: 0, Errors: 1, Skipped: 0, Time elapsed: 4.004 s <<< FAILURE! - in com.heyTask.taskmaster.EventboxApplicationTests
contextLoads  Time elapsed: 0.001 s  <<< ERROR!
java.lang.IllegalStateException: Failed to load ApplicationContext
Caused by: org.springframework.beans.factory.BeanCreationException: Error creating bean with name 'entityManagerFactory' defined in class path resource [org/springframework/boot/autoconfigure/orm/jpa/HibernateJpaConfiguration.class]: Invocation of init method failed; nested exception is org.hibernate.AnnotationException: mappedBy reference an unknown target entity property: com.heyTask.taskmaster.entity.Item.user in com.heyTask.taskmaster.entity.User.favoriteItems
Caused by: org.hibernate.AnnotationException: mappedBy reference an unknown target entity property: com.heyTask.taskmaster.entity.Item.user in com.heyTask.taskmaster.entity.User.favoriteItems

